CRITICAL - 2025-03-10 04:26:21 --> CodeIgniter\View\Exceptions\ViewException: Invalid file: "theme/my-listings.php"
[Method: GET, Route: my-listings]
in SYSTEMPATH\Exceptions\FrameworkException.php on line 39.
 1 SYSTEMPATH\View\View.php(212): CodeIgniter\Exceptions\FrameworkException::forInvalidFile('theme/my-listings.php')
 2 SYSTEMPATH\Common.php(1173): CodeIgniter\View\View->render('theme/my-listings', [], true)
 3 APPPATH\Controllers\Theme\Home.php(129): view('theme/my-listings', [...])
 4 SYSTEMPATH\CodeIgniter.php(933): App\Controllers\Theme\Home->my_listings()
 5 SYSTEMPATH\CodeIgniter.php(507): CodeIgniter\CodeIgniter->runController(Object(App\Controllers\Theme\Home))
 6 SYSTEMPATH\CodeIgniter.php(354): CodeIgniter\CodeIgniter->handleRequest(null, Object(Config\Cache), false)
 7 SYSTEMPATH\Boot.php(334): CodeIgniter\CodeIgniter->run()
 8 SYSTEMPATH\Boot.php(67): CodeIgniter\Boot::runCodeIgniter(Object(CodeIgniter\CodeIgniter))
 9 FCPATH\index.php(56): CodeIgniter\Boot::bootWeb(Object(Config\Paths))
CRITICAL - 2025-03-10 04:28:21 --> CodeIgniter\View\Exceptions\ViewException: Invalid file: "theme/my-listings.php"
[Method: GET, Route: my-listings]
in SYSTEMPATH\Exceptions\FrameworkException.php on line 39.
 1 SYSTEMPATH\View\View.php(212): CodeIgniter\Exceptions\FrameworkException::forInvalidFile('theme/my-listings.php')
 2 SYSTEMPATH\Common.php(1173): CodeIgniter\View\View->render('theme/my-listings', [], true)
 3 APPPATH\Controllers\Theme\Home.php(129): view('theme/my-listings', [...])
 4 SYSTEMPATH\CodeIgniter.php(933): App\Controllers\Theme\Home->my_listings()
 5 SYSTEMPATH\CodeIgniter.php(507): CodeIgniter\CodeIgniter->runController(Object(App\Controllers\Theme\Home))
 6 SYSTEMPATH\CodeIgniter.php(354): CodeIgniter\CodeIgniter->handleRequest(null, Object(Config\Cache), false)
 7 SYSTEMPATH\Boot.php(334): CodeIgniter\CodeIgniter->run()
 8 SYSTEMPATH\Boot.php(67): CodeIgniter\Boot::runCodeIgniter(Object(CodeIgniter\CodeIgniter))
 9 FCPATH\index.php(56): CodeIgniter\Boot::bootWeb(Object(Config\Paths))
CRITICAL - 2025-03-10 04:29:13 --> CodeIgniter\View\Exceptions\ViewException: Invalid file: "theme/my-listings.php"
[Method: GET, Route: my-listings]
in SYSTEMPATH\Exceptions\FrameworkException.php on line 39.
 1 SYSTEMPATH\View\View.php(212): CodeIgniter\Exceptions\FrameworkException::forInvalidFile('theme/my-listings.php')
 2 SYSTEMPATH\Common.php(1173): CodeIgniter\View\View->render('theme/my-listings', [], true)
 3 APPPATH\Controllers\Theme\Home.php(129): view('theme/my-listings', [...])
 4 SYSTEMPATH\CodeIgniter.php(933): App\Controllers\Theme\Home->my_listings()
 5 SYSTEMPATH\CodeIgniter.php(507): CodeIgniter\CodeIgniter->runController(Object(App\Controllers\Theme\Home))
 6 SYSTEMPATH\CodeIgniter.php(354): CodeIgniter\CodeIgniter->handleRequest(null, Object(Config\Cache), false)
 7 SYSTEMPATH\Boot.php(334): CodeIgniter\CodeIgniter->run()
 8 SYSTEMPATH\Boot.php(67): CodeIgniter\Boot::runCodeIgniter(Object(CodeIgniter\CodeIgniter))
 9 FCPATH\index.php(56): CodeIgniter\Boot::bootWeb(Object(Config\Paths))
CRITICAL - 2025-03-10 04:30:04 --> ErrorException: include(header2.php): Failed to open stream: No such file or directory
[Method: GET, Route: my-listings]
in APPPATH\Views\theme\dashboard-my-listings.php on line 1.
 1 APPPATH\Views\theme\dashboard-my-listings.php(1): CodeIgniter\Debug\Exceptions->errorHandler(2, 'include(header2.php): Failed to open stream: No such file or directory', 'D:\\xampp-new\\htdocs\\ci5\\app\\Views\\theme\\dashboard-my-listings.php', 1)
 2 APPPATH\Views\theme\dashboard-my-listings.php(1): include()
 3 SYSTEMPATH\View\View.php(224): include('D:\\xampp-new\\htdocs\\ci5\\app\\Views\\theme\\dashboard-my-listings.php')
 4 SYSTEMPATH\View\View.php(227): CodeIgniter\View\View->CodeIgniter\View\{closure}()
 5 SYSTEMPATH\Common.php(1173): CodeIgniter\View\View->render('theme/dashboard-my-listings', [], true)
 6 APPPATH\Controllers\Theme\Home.php(129): view('theme/dashboard-my-listings', [...])
 7 SYSTEMPATH\CodeIgniter.php(933): App\Controllers\Theme\Home->my_listings()
 8 SYSTEMPATH\CodeIgniter.php(507): CodeIgniter\CodeIgniter->runController(Object(App\Controllers\Theme\Home))
 9 SYSTEMPATH\CodeIgniter.php(354): CodeIgniter\CodeIgniter->handleRequest(null, Object(Config\Cache), false)
10 SYSTEMPATH\Boot.php(334): CodeIgniter\CodeIgniter->run()
11 SYSTEMPATH\Boot.php(67): CodeIgniter\Boot::runCodeIgniter(Object(CodeIgniter\CodeIgniter))
12 FCPATH\index.php(56): CodeIgniter\Boot::bootWeb(Object(Config\Paths))
CRITICAL - 2025-03-10 04:30:10 --> ErrorException: include(header2.php): Failed to open stream: No such file or directory
[Method: GET, Route: my-listings]
in APPPATH\Views\theme\dashboard-my-listings.php on line 1.
 1 APPPATH\Views\theme\dashboard-my-listings.php(1): CodeIgniter\Debug\Exceptions->errorHandler(2, 'include(header2.php): Failed to open stream: No such file or directory', 'D:\\xampp-new\\htdocs\\ci5\\app\\Views\\theme\\dashboard-my-listings.php', 1)
 2 APPPATH\Views\theme\dashboard-my-listings.php(1): include()
 3 SYSTEMPATH\View\View.php(224): include('D:\\xampp-new\\htdocs\\ci5\\app\\Views\\theme\\dashboard-my-listings.php')
 4 SYSTEMPATH\View\View.php(227): CodeIgniter\View\View->CodeIgniter\View\{closure}()
 5 SYSTEMPATH\Common.php(1173): CodeIgniter\View\View->render('theme/dashboard-my-listings', [], true)
 6 APPPATH\Controllers\Theme\Home.php(129): view('theme/dashboard-my-listings', [...])
 7 SYSTEMPATH\CodeIgniter.php(933): App\Controllers\Theme\Home->my_listings()
 8 SYSTEMPATH\CodeIgniter.php(507): CodeIgniter\CodeIgniter->runController(Object(App\Controllers\Theme\Home))
 9 SYSTEMPATH\CodeIgniter.php(354): CodeIgniter\CodeIgniter->handleRequest(null, Object(Config\Cache), false)
10 SYSTEMPATH\Boot.php(334): CodeIgniter\CodeIgniter->run()
11 SYSTEMPATH\Boot.php(67): CodeIgniter\Boot::runCodeIgniter(Object(CodeIgniter\CodeIgniter))
12 FCPATH\index.php(56): CodeIgniter\Boot::bootWeb(Object(Config\Paths))
CRITICAL - 2025-03-10 04:31:38 --> ErrorException: include(header2.php): Failed to open stream: No such file or directory
[Method: GET, Route: my-listings]
in APPPATH\Views\theme\dashboard-my-listings.php on line 1.
 1 APPPATH\Views\theme\dashboard-my-listings.php(1): CodeIgniter\Debug\Exceptions->errorHandler(2, 'include(header2.php): Failed to open stream: No such file or directory', 'D:\\xampp-new\\htdocs\\ci5\\app\\Views\\theme\\dashboard-my-listings.php', 1)
 2 APPPATH\Views\theme\dashboard-my-listings.php(1): include()
 3 SYSTEMPATH\View\View.php(224): include('D:\\xampp-new\\htdocs\\ci5\\app\\Views\\theme\\dashboard-my-listings.php')
 4 SYSTEMPATH\View\View.php(227): CodeIgniter\View\View->CodeIgniter\View\{closure}()
 5 SYSTEMPATH\Common.php(1173): CodeIgniter\View\View->render('theme/dashboard-my-listings', [], true)
 6 APPPATH\Controllers\Theme\Home.php(129): view('theme/dashboard-my-listings', [...])
 7 SYSTEMPATH\CodeIgniter.php(933): App\Controllers\Theme\Home->my_listings()
 8 SYSTEMPATH\CodeIgniter.php(507): CodeIgniter\CodeIgniter->runController(Object(App\Controllers\Theme\Home))
 9 SYSTEMPATH\CodeIgniter.php(354): CodeIgniter\CodeIgniter->handleRequest(null, Object(Config\Cache), false)
10 SYSTEMPATH\Boot.php(334): CodeIgniter\CodeIgniter->run()
11 SYSTEMPATH\Boot.php(67): CodeIgniter\Boot::runCodeIgniter(Object(CodeIgniter\CodeIgniter))
12 FCPATH\index.php(56): CodeIgniter\Boot::bootWeb(Object(Config\Paths))
CRITICAL - 2025-03-10 04:41:15 --> ErrorException: include(header2.php): Failed to open stream: No such file or directory
[Method: GET, Route: my-listing]
in APPPATH\Views\theme\dashboard-my-listings.php on line 1.
 1 APPPATH\Views\theme\dashboard-my-listings.php(1): CodeIgniter\Debug\Exceptions->errorHandler(2, 'include(header2.php): Failed to open stream: No such file or directory', 'D:\\xampp-new\\htdocs\\ci5\\app\\Views\\theme\\dashboard-my-listings.php', 1)
 2 APPPATH\Views\theme\dashboard-my-listings.php(1): include()
 3 SYSTEMPATH\View\View.php(224): include('D:\\xampp-new\\htdocs\\ci5\\app\\Views\\theme\\dashboard-my-listings.php')
 4 SYSTEMPATH\View\View.php(227): CodeIgniter\View\View->CodeIgniter\View\{closure}()
 5 SYSTEMPATH\Common.php(1173): CodeIgniter\View\View->render('theme/dashboard-my-listings', [], true)
 6 APPPATH\Controllers\Theme\Home.php(129): view('theme/dashboard-my-listings', [...])
 7 SYSTEMPATH\CodeIgniter.php(933): App\Controllers\Theme\Home->my_listings()
 8 SYSTEMPATH\CodeIgniter.php(507): CodeIgniter\CodeIgniter->runController(Object(App\Controllers\Theme\Home))
 9 SYSTEMPATH\CodeIgniter.php(354): CodeIgniter\CodeIgniter->handleRequest(null, Object(Config\Cache), false)
10 SYSTEMPATH\Boot.php(334): CodeIgniter\CodeIgniter->run()
11 SYSTEMPATH\Boot.php(67): CodeIgniter\Boot::runCodeIgniter(Object(CodeIgniter\CodeIgniter))
12 FCPATH\index.php(56): CodeIgniter\Boot::bootWeb(Object(Config\Paths))
CRITICAL - 2025-03-10 04:42:34 --> ErrorException: include(header2.php): Failed to open stream: No such file or directory
[Method: GET, Route: my-listing]
in APPPATH\Views\theme\dashboard-my-listings.php on line 1.
 1 APPPATH\Views\theme\dashboard-my-listings.php(1): CodeIgniter\Debug\Exceptions->errorHandler(2, 'include(header2.php): Failed to open stream: No such file or directory', 'D:\\xampp-new\\htdocs\\ci5\\app\\Views\\theme\\dashboard-my-listings.php', 1)
 2 APPPATH\Views\theme\dashboard-my-listings.php(1): include()
 3 SYSTEMPATH\View\View.php(224): include('D:\\xampp-new\\htdocs\\ci5\\app\\Views\\theme\\dashboard-my-listings.php')
 4 SYSTEMPATH\View\View.php(227): CodeIgniter\View\View->CodeIgniter\View\{closure}()
 5 SYSTEMPATH\Common.php(1173): CodeIgniter\View\View->render('theme/dashboard-my-listings', [], true)
 6 APPPATH\Controllers\Theme\Home.php(129): view('theme/dashboard-my-listings', [...])
 7 SYSTEMPATH\CodeIgniter.php(933): App\Controllers\Theme\Home->my_listings()
 8 SYSTEMPATH\CodeIgniter.php(507): CodeIgniter\CodeIgniter->runController(Object(App\Controllers\Theme\Home))
 9 SYSTEMPATH\CodeIgniter.php(354): CodeIgniter\CodeIgniter->handleRequest(null, Object(Config\Cache), false)
10 SYSTEMPATH\Boot.php(334): CodeIgniter\CodeIgniter->run()
11 SYSTEMPATH\Boot.php(67): CodeIgniter\Boot::runCodeIgniter(Object(CodeIgniter\CodeIgniter))
12 FCPATH\index.php(56): CodeIgniter\Boot::bootWeb(Object(Config\Paths))
CRITICAL - 2025-03-10 04:42:35 --> ErrorException: include(header2.php): Failed to open stream: No such file or directory
[Method: GET, Route: my-listing]
in APPPATH\Views\theme\dashboard-my-listings.php on line 1.
 1 APPPATH\Views\theme\dashboard-my-listings.php(1): CodeIgniter\Debug\Exceptions->errorHandler(2, 'include(header2.php): Failed to open stream: No such file or directory', 'D:\\xampp-new\\htdocs\\ci5\\app\\Views\\theme\\dashboard-my-listings.php', 1)
 2 APPPATH\Views\theme\dashboard-my-listings.php(1): include()
 3 SYSTEMPATH\View\View.php(224): include('D:\\xampp-new\\htdocs\\ci5\\app\\Views\\theme\\dashboard-my-listings.php')
 4 SYSTEMPATH\View\View.php(227): CodeIgniter\View\View->CodeIgniter\View\{closure}()
 5 SYSTEMPATH\Common.php(1173): CodeIgniter\View\View->render('theme/dashboard-my-listings', [], true)
 6 APPPATH\Controllers\Theme\Home.php(129): view('theme/dashboard-my-listings', [...])
 7 SYSTEMPATH\CodeIgniter.php(933): App\Controllers\Theme\Home->my_listings()
 8 SYSTEMPATH\CodeIgniter.php(507): CodeIgniter\CodeIgniter->runController(Object(App\Controllers\Theme\Home))
 9 SYSTEMPATH\CodeIgniter.php(354): CodeIgniter\CodeIgniter->handleRequest(null, Object(Config\Cache), false)
10 SYSTEMPATH\Boot.php(334): CodeIgniter\CodeIgniter->run()
11 SYSTEMPATH\Boot.php(67): CodeIgniter\Boot::runCodeIgniter(Object(CodeIgniter\CodeIgniter))
12 FCPATH\index.php(56): CodeIgniter\Boot::bootWeb(Object(Config\Paths))
CRITICAL - 2025-03-10 04:42:35 --> ErrorException: include(header2.php): Failed to open stream: No such file or directory
[Method: GET, Route: my-listing]
in APPPATH\Views\theme\dashboard-my-listings.php on line 1.
 1 APPPATH\Views\theme\dashboard-my-listings.php(1): CodeIgniter\Debug\Exceptions->errorHandler(2, 'include(header2.php): Failed to open stream: No such file or directory', 'D:\\xampp-new\\htdocs\\ci5\\app\\Views\\theme\\dashboard-my-listings.php', 1)
 2 APPPATH\Views\theme\dashboard-my-listings.php(1): include()
 3 SYSTEMPATH\View\View.php(224): include('D:\\xampp-new\\htdocs\\ci5\\app\\Views\\theme\\dashboard-my-listings.php')
 4 SYSTEMPATH\View\View.php(227): CodeIgniter\View\View->CodeIgniter\View\{closure}()
 5 SYSTEMPATH\Common.php(1173): CodeIgniter\View\View->render('theme/dashboard-my-listings', [], true)
 6 APPPATH\Controllers\Theme\Home.php(129): view('theme/dashboard-my-listings', [...])
 7 SYSTEMPATH\CodeIgniter.php(933): App\Controllers\Theme\Home->my_listings()
 8 SYSTEMPATH\CodeIgniter.php(507): CodeIgniter\CodeIgniter->runController(Object(App\Controllers\Theme\Home))
 9 SYSTEMPATH\CodeIgniter.php(354): CodeIgniter\CodeIgniter->handleRequest(null, Object(Config\Cache), false)
10 SYSTEMPATH\Boot.php(334): CodeIgniter\CodeIgniter->run()
11 SYSTEMPATH\Boot.php(67): CodeIgniter\Boot::runCodeIgniter(Object(CodeIgniter\CodeIgniter))
12 FCPATH\index.php(56): CodeIgniter\Boot::bootWeb(Object(Config\Paths))
CRITICAL - 2025-03-10 04:42:35 --> ErrorException: include(header2.php): Failed to open stream: No such file or directory
[Method: GET, Route: my-listing]
in APPPATH\Views\theme\dashboard-my-listings.php on line 1.
 1 APPPATH\Views\theme\dashboard-my-listings.php(1): CodeIgniter\Debug\Exceptions->errorHandler(2, 'include(header2.php): Failed to open stream: No such file or directory', 'D:\\xampp-new\\htdocs\\ci5\\app\\Views\\theme\\dashboard-my-listings.php', 1)
 2 APPPATH\Views\theme\dashboard-my-listings.php(1): include()
 3 SYSTEMPATH\View\View.php(224): include('D:\\xampp-new\\htdocs\\ci5\\app\\Views\\theme\\dashboard-my-listings.php')
 4 SYSTEMPATH\View\View.php(227): CodeIgniter\View\View->CodeIgniter\View\{closure}()
 5 SYSTEMPATH\Common.php(1173): CodeIgniter\View\View->render('theme/dashboard-my-listings', [], true)
 6 APPPATH\Controllers\Theme\Home.php(129): view('theme/dashboard-my-listings', [...])
 7 SYSTEMPATH\CodeIgniter.php(933): App\Controllers\Theme\Home->my_listings()
 8 SYSTEMPATH\CodeIgniter.php(507): CodeIgniter\CodeIgniter->runController(Object(App\Controllers\Theme\Home))
 9 SYSTEMPATH\CodeIgniter.php(354): CodeIgniter\CodeIgniter->handleRequest(null, Object(Config\Cache), false)
10 SYSTEMPATH\Boot.php(334): CodeIgniter\CodeIgniter->run()
11 SYSTEMPATH\Boot.php(67): CodeIgniter\Boot::runCodeIgniter(Object(CodeIgniter\CodeIgniter))
12 FCPATH\index.php(56): CodeIgniter\Boot::bootWeb(Object(Config\Paths))
CRITICAL - 2025-03-10 04:42:37 --> ErrorException: include(header2.php): Failed to open stream: No such file or directory
[Method: GET, Route: my-listing]
in APPPATH\Views\theme\dashboard-my-listings.php on line 1.
 1 APPPATH\Views\theme\dashboard-my-listings.php(1): CodeIgniter\Debug\Exceptions->errorHandler(2, 'include(header2.php): Failed to open stream: No such file or directory', 'D:\\xampp-new\\htdocs\\ci5\\app\\Views\\theme\\dashboard-my-listings.php', 1)
 2 APPPATH\Views\theme\dashboard-my-listings.php(1): include()
 3 SYSTEMPATH\View\View.php(224): include('D:\\xampp-new\\htdocs\\ci5\\app\\Views\\theme\\dashboard-my-listings.php')
 4 SYSTEMPATH\View\View.php(227): CodeIgniter\View\View->CodeIgniter\View\{closure}()
 5 SYSTEMPATH\Common.php(1173): CodeIgniter\View\View->render('theme/dashboard-my-listings', [], true)
 6 APPPATH\Controllers\Theme\Home.php(129): view('theme/dashboard-my-listings', [...])
 7 SYSTEMPATH\CodeIgniter.php(933): App\Controllers\Theme\Home->my_listings()
 8 SYSTEMPATH\CodeIgniter.php(507): CodeIgniter\CodeIgniter->runController(Object(App\Controllers\Theme\Home))
 9 SYSTEMPATH\CodeIgniter.php(354): CodeIgniter\CodeIgniter->handleRequest(null, Object(Config\Cache), false)
10 SYSTEMPATH\Boot.php(334): CodeIgniter\CodeIgniter->run()
11 SYSTEMPATH\Boot.php(67): CodeIgniter\Boot::runCodeIgniter(Object(CodeIgniter\CodeIgniter))
12 FCPATH\index.php(56): CodeIgniter\Boot::bootWeb(Object(Config\Paths))
CRITICAL - 2025-03-10 04:45:37 --> CodeIgniter\View\Exceptions\ViewException: Invalid file: "theme/dashboard-add-listing.php"
[Method: GET, Route: add-listing]
in SYSTEMPATH\Exceptions\FrameworkException.php on line 39.
 1 SYSTEMPATH\View\View.php(212): CodeIgniter\Exceptions\FrameworkException::forInvalidFile('theme/dashboard-add-listing.php')
 2 SYSTEMPATH\Common.php(1173): CodeIgniter\View\View->render('theme/dashboard-add-listing', [], true)
 3 APPPATH\Controllers\Theme\Home.php(69): view('theme/dashboard-add-listing', [...])
 4 SYSTEMPATH\CodeIgniter.php(933): App\Controllers\Theme\Home->add_listing()
 5 SYSTEMPATH\CodeIgniter.php(507): CodeIgniter\CodeIgniter->runController(Object(App\Controllers\Theme\Home))
 6 SYSTEMPATH\CodeIgniter.php(354): CodeIgniter\CodeIgniter->handleRequest(null, Object(Config\Cache), false)
 7 SYSTEMPATH\Boot.php(334): CodeIgniter\CodeIgniter->run()
 8 SYSTEMPATH\Boot.php(67): CodeIgniter\Boot::runCodeIgniter(Object(CodeIgniter\CodeIgniter))
 9 FCPATH\index.php(56): CodeIgniter\Boot::bootWeb(Object(Config\Paths))
CRITICAL - 2025-03-10 04:45:38 --> CodeIgniter\View\Exceptions\ViewException: Invalid file: "theme/dashboard-add-listing.php"
[Method: GET, Route: add-listing]
in SYSTEMPATH\Exceptions\FrameworkException.php on line 39.
 1 SYSTEMPATH\View\View.php(212): CodeIgniter\Exceptions\FrameworkException::forInvalidFile('theme/dashboard-add-listing.php')
 2 SYSTEMPATH\Common.php(1173): CodeIgniter\View\View->render('theme/dashboard-add-listing', [], true)
 3 APPPATH\Controllers\Theme\Home.php(69): view('theme/dashboard-add-listing', [...])
 4 SYSTEMPATH\CodeIgniter.php(933): App\Controllers\Theme\Home->add_listing()
 5 SYSTEMPATH\CodeIgniter.php(507): CodeIgniter\CodeIgniter->runController(Object(App\Controllers\Theme\Home))
 6 SYSTEMPATH\CodeIgniter.php(354): CodeIgniter\CodeIgniter->handleRequest(null, Object(Config\Cache), false)
 7 SYSTEMPATH\Boot.php(334): CodeIgniter\CodeIgniter->run()
 8 SYSTEMPATH\Boot.php(67): CodeIgniter\Boot::runCodeIgniter(Object(CodeIgniter\CodeIgniter))
 9 FCPATH\index.php(56): CodeIgniter\Boot::bootWeb(Object(Config\Paths))
CRITICAL - 2025-03-10 04:45:38 --> CodeIgniter\View\Exceptions\ViewException: Invalid file: "theme/dashboard-add-listing.php"
[Method: GET, Route: add-listing]
in SYSTEMPATH\Exceptions\FrameworkException.php on line 39.
 1 SYSTEMPATH\View\View.php(212): CodeIgniter\Exceptions\FrameworkException::forInvalidFile('theme/dashboard-add-listing.php')
 2 SYSTEMPATH\Common.php(1173): CodeIgniter\View\View->render('theme/dashboard-add-listing', [], true)
 3 APPPATH\Controllers\Theme\Home.php(69): view('theme/dashboard-add-listing', [...])
 4 SYSTEMPATH\CodeIgniter.php(933): App\Controllers\Theme\Home->add_listing()
 5 SYSTEMPATH\CodeIgniter.php(507): CodeIgniter\CodeIgniter->runController(Object(App\Controllers\Theme\Home))
 6 SYSTEMPATH\CodeIgniter.php(354): CodeIgniter\CodeIgniter->handleRequest(null, Object(Config\Cache), false)
 7 SYSTEMPATH\Boot.php(334): CodeIgniter\CodeIgniter->run()
 8 SYSTEMPATH\Boot.php(67): CodeIgniter\Boot::runCodeIgniter(Object(CodeIgniter\CodeIgniter))
 9 FCPATH\index.php(56): CodeIgniter\Boot::bootWeb(Object(Config\Paths))
CRITICAL - 2025-03-10 04:45:39 --> CodeIgniter\View\Exceptions\ViewException: Invalid file: "theme/dashboard-add-listing.php"
[Method: GET, Route: add-listing]
in SYSTEMPATH\Exceptions\FrameworkException.php on line 39.
 1 SYSTEMPATH\View\View.php(212): CodeIgniter\Exceptions\FrameworkException::forInvalidFile('theme/dashboard-add-listing.php')
 2 SYSTEMPATH\Common.php(1173): CodeIgniter\View\View->render('theme/dashboard-add-listing', [], true)
 3 APPPATH\Controllers\Theme\Home.php(69): view('theme/dashboard-add-listing', [...])
 4 SYSTEMPATH\CodeIgniter.php(933): App\Controllers\Theme\Home->add_listing()
 5 SYSTEMPATH\CodeIgniter.php(507): CodeIgniter\CodeIgniter->runController(Object(App\Controllers\Theme\Home))
 6 SYSTEMPATH\CodeIgniter.php(354): CodeIgniter\CodeIgniter->handleRequest(null, Object(Config\Cache), false)
 7 SYSTEMPATH\Boot.php(334): CodeIgniter\CodeIgniter->run()
 8 SYSTEMPATH\Boot.php(67): CodeIgniter\Boot::runCodeIgniter(Object(CodeIgniter\CodeIgniter))
 9 FCPATH\index.php(56): CodeIgniter\Boot::bootWeb(Object(Config\Paths))
CRITICAL - 2025-03-10 04:45:39 --> CodeIgniter\View\Exceptions\ViewException: Invalid file: "theme/dashboard-add-listing.php"
[Method: GET, Route: add-listing]
in SYSTEMPATH\Exceptions\FrameworkException.php on line 39.
 1 SYSTEMPATH\View\View.php(212): CodeIgniter\Exceptions\FrameworkException::forInvalidFile('theme/dashboard-add-listing.php')
 2 SYSTEMPATH\Common.php(1173): CodeIgniter\View\View->render('theme/dashboard-add-listing', [], true)
 3 APPPATH\Controllers\Theme\Home.php(69): view('theme/dashboard-add-listing', [...])
 4 SYSTEMPATH\CodeIgniter.php(933): App\Controllers\Theme\Home->add_listing()
 5 SYSTEMPATH\CodeIgniter.php(507): CodeIgniter\CodeIgniter->runController(Object(App\Controllers\Theme\Home))
 6 SYSTEMPATH\CodeIgniter.php(354): CodeIgniter\CodeIgniter->handleRequest(null, Object(Config\Cache), false)
 7 SYSTEMPATH\Boot.php(334): CodeIgniter\CodeIgniter->run()
 8 SYSTEMPATH\Boot.php(67): CodeIgniter\Boot::runCodeIgniter(Object(CodeIgniter\CodeIgniter))
 9 FCPATH\index.php(56): CodeIgniter\Boot::bootWeb(Object(Config\Paths))
CRITICAL - 2025-03-10 04:45:39 --> CodeIgniter\View\Exceptions\ViewException: Invalid file: "theme/dashboard-add-listing.php"
[Method: GET, Route: add-listing]
in SYSTEMPATH\Exceptions\FrameworkException.php on line 39.
 1 SYSTEMPATH\View\View.php(212): CodeIgniter\Exceptions\FrameworkException::forInvalidFile('theme/dashboard-add-listing.php')
 2 SYSTEMPATH\Common.php(1173): CodeIgniter\View\View->render('theme/dashboard-add-listing', [], true)
 3 APPPATH\Controllers\Theme\Home.php(69): view('theme/dashboard-add-listing', [...])
 4 SYSTEMPATH\CodeIgniter.php(933): App\Controllers\Theme\Home->add_listing()
 5 SYSTEMPATH\CodeIgniter.php(507): CodeIgniter\CodeIgniter->runController(Object(App\Controllers\Theme\Home))
 6 SYSTEMPATH\CodeIgniter.php(354): CodeIgniter\CodeIgniter->handleRequest(null, Object(Config\Cache), false)
 7 SYSTEMPATH\Boot.php(334): CodeIgniter\CodeIgniter->run()
 8 SYSTEMPATH\Boot.php(67): CodeIgniter\Boot::runCodeIgniter(Object(CodeIgniter\CodeIgniter))
 9 FCPATH\index.php(56): CodeIgniter\Boot::bootWeb(Object(Config\Paths))
CRITICAL - 2025-03-10 04:45:39 --> CodeIgniter\View\Exceptions\ViewException: Invalid file: "theme/dashboard-add-listing.php"
[Method: GET, Route: add-listing]
in SYSTEMPATH\Exceptions\FrameworkException.php on line 39.
 1 SYSTEMPATH\View\View.php(212): CodeIgniter\Exceptions\FrameworkException::forInvalidFile('theme/dashboard-add-listing.php')
 2 SYSTEMPATH\Common.php(1173): CodeIgniter\View\View->render('theme/dashboard-add-listing', [], true)
 3 APPPATH\Controllers\Theme\Home.php(69): view('theme/dashboard-add-listing', [...])
 4 SYSTEMPATH\CodeIgniter.php(933): App\Controllers\Theme\Home->add_listing()
 5 SYSTEMPATH\CodeIgniter.php(507): CodeIgniter\CodeIgniter->runController(Object(App\Controllers\Theme\Home))
 6 SYSTEMPATH\CodeIgniter.php(354): CodeIgniter\CodeIgniter->handleRequest(null, Object(Config\Cache), false)
 7 SYSTEMPATH\Boot.php(334): CodeIgniter\CodeIgniter->run()
 8 SYSTEMPATH\Boot.php(67): CodeIgniter\Boot::runCodeIgniter(Object(CodeIgniter\CodeIgniter))
 9 FCPATH\index.php(56): CodeIgniter\Boot::bootWeb(Object(Config\Paths))
CRITICAL - 2025-03-10 04:45:39 --> CodeIgniter\View\Exceptions\ViewException: Invalid file: "theme/dashboard-add-listing.php"
[Method: GET, Route: add-listing]
in SYSTEMPATH\Exceptions\FrameworkException.php on line 39.
 1 SYSTEMPATH\View\View.php(212): CodeIgniter\Exceptions\FrameworkException::forInvalidFile('theme/dashboard-add-listing.php')
 2 SYSTEMPATH\Common.php(1173): CodeIgniter\View\View->render('theme/dashboard-add-listing', [], true)
 3 APPPATH\Controllers\Theme\Home.php(69): view('theme/dashboard-add-listing', [...])
 4 SYSTEMPATH\CodeIgniter.php(933): App\Controllers\Theme\Home->add_listing()
 5 SYSTEMPATH\CodeIgniter.php(507): CodeIgniter\CodeIgniter->runController(Object(App\Controllers\Theme\Home))
 6 SYSTEMPATH\CodeIgniter.php(354): CodeIgniter\CodeIgniter->handleRequest(null, Object(Config\Cache), false)
 7 SYSTEMPATH\Boot.php(334): CodeIgniter\CodeIgniter->run()
 8 SYSTEMPATH\Boot.php(67): CodeIgniter\Boot::runCodeIgniter(Object(CodeIgniter\CodeIgniter))
 9 FCPATH\index.php(56): CodeIgniter\Boot::bootWeb(Object(Config\Paths))
CRITICAL - 2025-03-10 04:45:40 --> CodeIgniter\View\Exceptions\ViewException: Invalid file: "theme/dashboard-add-listing.php"
[Method: GET, Route: add-listing]
in SYSTEMPATH\Exceptions\FrameworkException.php on line 39.
 1 SYSTEMPATH\View\View.php(212): CodeIgniter\Exceptions\FrameworkException::forInvalidFile('theme/dashboard-add-listing.php')
 2 SYSTEMPATH\Common.php(1173): CodeIgniter\View\View->render('theme/dashboard-add-listing', [], true)
 3 APPPATH\Controllers\Theme\Home.php(69): view('theme/dashboard-add-listing', [...])
 4 SYSTEMPATH\CodeIgniter.php(933): App\Controllers\Theme\Home->add_listing()
 5 SYSTEMPATH\CodeIgniter.php(507): CodeIgniter\CodeIgniter->runController(Object(App\Controllers\Theme\Home))
 6 SYSTEMPATH\CodeIgniter.php(354): CodeIgniter\CodeIgniter->handleRequest(null, Object(Config\Cache), false)
 7 SYSTEMPATH\Boot.php(334): CodeIgniter\CodeIgniter->run()
 8 SYSTEMPATH\Boot.php(67): CodeIgniter\Boot::runCodeIgniter(Object(CodeIgniter\CodeIgniter))
 9 FCPATH\index.php(56): CodeIgniter\Boot::bootWeb(Object(Config\Paths))
CRITICAL - 2025-03-10 04:45:40 --> CodeIgniter\View\Exceptions\ViewException: Invalid file: "theme/dashboard-add-listing.php"
[Method: GET, Route: add-listing]
in SYSTEMPATH\Exceptions\FrameworkException.php on line 39.
 1 SYSTEMPATH\View\View.php(212): CodeIgniter\Exceptions\FrameworkException::forInvalidFile('theme/dashboard-add-listing.php')
 2 SYSTEMPATH\Common.php(1173): CodeIgniter\View\View->render('theme/dashboard-add-listing', [], true)
 3 APPPATH\Controllers\Theme\Home.php(69): view('theme/dashboard-add-listing', [...])
 4 SYSTEMPATH\CodeIgniter.php(933): App\Controllers\Theme\Home->add_listing()
 5 SYSTEMPATH\CodeIgniter.php(507): CodeIgniter\CodeIgniter->runController(Object(App\Controllers\Theme\Home))
 6 SYSTEMPATH\CodeIgniter.php(354): CodeIgniter\CodeIgniter->handleRequest(null, Object(Config\Cache), false)
 7 SYSTEMPATH\Boot.php(334): CodeIgniter\CodeIgniter->run()
 8 SYSTEMPATH\Boot.php(67): CodeIgniter\Boot::runCodeIgniter(Object(CodeIgniter\CodeIgniter))
 9 FCPATH\index.php(56): CodeIgniter\Boot::bootWeb(Object(Config\Paths))
CRITICAL - 2025-03-10 04:48:46 --> CodeIgniter\View\Exceptions\ViewException: Invalid file: "theme/dashboard-add-listing.php"
[Method: GET, Route: add-listing]
in SYSTEMPATH\Exceptions\FrameworkException.php on line 39.
 1 SYSTEMPATH\View\View.php(212): CodeIgniter\Exceptions\FrameworkException::forInvalidFile('theme/dashboard-add-listing.php')
 2 SYSTEMPATH\Common.php(1173): CodeIgniter\View\View->render('theme/dashboard-add-listing', [], true)
 3 APPPATH\Controllers\Theme\Home.php(69): view('theme/dashboard-add-listing', [...])
 4 SYSTEMPATH\CodeIgniter.php(933): App\Controllers\Theme\Home->add_listing()
 5 SYSTEMPATH\CodeIgniter.php(507): CodeIgniter\CodeIgniter->runController(Object(App\Controllers\Theme\Home))
 6 SYSTEMPATH\CodeIgniter.php(354): CodeIgniter\CodeIgniter->handleRequest(null, Object(Config\Cache), false)
 7 SYSTEMPATH\Boot.php(334): CodeIgniter\CodeIgniter->run()
 8 SYSTEMPATH\Boot.php(67): CodeIgniter\Boot::runCodeIgniter(Object(CodeIgniter\CodeIgniter))
 9 FCPATH\index.php(56): CodeIgniter\Boot::bootWeb(Object(Config\Paths))
CRITICAL - 2025-03-10 04:48:47 --> CodeIgniter\View\Exceptions\ViewException: Invalid file: "theme/dashboard-add-listing.php"
[Method: GET, Route: add-listing]
in SYSTEMPATH\Exceptions\FrameworkException.php on line 39.
 1 SYSTEMPATH\View\View.php(212): CodeIgniter\Exceptions\FrameworkException::forInvalidFile('theme/dashboard-add-listing.php')
 2 SYSTEMPATH\Common.php(1173): CodeIgniter\View\View->render('theme/dashboard-add-listing', [], true)
 3 APPPATH\Controllers\Theme\Home.php(69): view('theme/dashboard-add-listing', [...])
 4 SYSTEMPATH\CodeIgniter.php(933): App\Controllers\Theme\Home->add_listing()
 5 SYSTEMPATH\CodeIgniter.php(507): CodeIgniter\CodeIgniter->runController(Object(App\Controllers\Theme\Home))
 6 SYSTEMPATH\CodeIgniter.php(354): CodeIgniter\CodeIgniter->handleRequest(null, Object(Config\Cache), false)
 7 SYSTEMPATH\Boot.php(334): CodeIgniter\CodeIgniter->run()
 8 SYSTEMPATH\Boot.php(67): CodeIgniter\Boot::runCodeIgniter(Object(CodeIgniter\CodeIgniter))
 9 FCPATH\index.php(56): CodeIgniter\Boot::bootWeb(Object(Config\Paths))
CRITICAL - 2025-03-10 04:49:29 --> ErrorException: include(header2.php): Failed to open stream: No such file or directory
[Method: GET, Route: my-listing]
in APPPATH\Views\theme\dashboard-my-listings.php on line 1.
 1 APPPATH\Views\theme\dashboard-my-listings.php(1): CodeIgniter\Debug\Exceptions->errorHandler(2, 'include(header2.php): Failed to open stream: No such file or directory', 'D:\\xampp-new\\htdocs\\ci5\\app\\Views\\theme\\dashboard-my-listings.php', 1)
 2 APPPATH\Views\theme\dashboard-my-listings.php(1): include()
 3 SYSTEMPATH\View\View.php(224): include('D:\\xampp-new\\htdocs\\ci5\\app\\Views\\theme\\dashboard-my-listings.php')
 4 SYSTEMPATH\View\View.php(227): CodeIgniter\View\View->CodeIgniter\View\{closure}()
 5 SYSTEMPATH\Common.php(1173): CodeIgniter\View\View->render('theme/dashboard-my-listings', [], true)
 6 APPPATH\Controllers\Theme\Home.php(129): view('theme/dashboard-my-listings', [...])
 7 SYSTEMPATH\CodeIgniter.php(933): App\Controllers\Theme\Home->my_listings()
 8 SYSTEMPATH\CodeIgniter.php(507): CodeIgniter\CodeIgniter->runController(Object(App\Controllers\Theme\Home))
 9 SYSTEMPATH\CodeIgniter.php(354): CodeIgniter\CodeIgniter->handleRequest(null, Object(Config\Cache), false)
10 SYSTEMPATH\Boot.php(334): CodeIgniter\CodeIgniter->run()
11 SYSTEMPATH\Boot.php(67): CodeIgniter\Boot::runCodeIgniter(Object(CodeIgniter\CodeIgniter))
12 FCPATH\index.php(56): CodeIgniter\Boot::bootWeb(Object(Config\Paths))
CRITICAL - 2025-03-10 04:49:39 --> CodeIgniter\View\Exceptions\ViewException: Invalid file: "theme/dashboard-add-listing.php"
[Method: GET, Route: add-listings]
in SYSTEMPATH\Exceptions\FrameworkException.php on line 39.
 1 SYSTEMPATH\View\View.php(212): CodeIgniter\Exceptions\FrameworkException::forInvalidFile('theme/dashboard-add-listing.php')
 2 SYSTEMPATH\Common.php(1173): CodeIgniter\View\View->render('theme/dashboard-add-listing', [], true)
 3 APPPATH\Controllers\Theme\Home.php(69): view('theme/dashboard-add-listing', [...])
 4 SYSTEMPATH\CodeIgniter.php(933): App\Controllers\Theme\Home->add_listing()
 5 SYSTEMPATH\CodeIgniter.php(507): CodeIgniter\CodeIgniter->runController(Object(App\Controllers\Theme\Home))
 6 SYSTEMPATH\CodeIgniter.php(354): CodeIgniter\CodeIgniter->handleRequest(null, Object(Config\Cache), false)
 7 SYSTEMPATH\Boot.php(334): CodeIgniter\CodeIgniter->run()
 8 SYSTEMPATH\Boot.php(67): CodeIgniter\Boot::runCodeIgniter(Object(CodeIgniter\CodeIgniter))
 9 FCPATH\index.php(56): CodeIgniter\Boot::bootWeb(Object(Config\Paths))
CRITICAL - 2025-03-10 04:50:14 --> ErrorException: include(header2.php): Failed to open stream: No such file or directory
[Method: GET, Route: my-listing]
in APPPATH\Views\theme\dashboard-my-listings.php on line 1.
 1 APPPATH\Views\theme\dashboard-my-listings.php(1): CodeIgniter\Debug\Exceptions->errorHandler(2, 'include(header2.php): Failed to open stream: No such file or directory', 'D:\\xampp-new\\htdocs\\ci5\\app\\Views\\theme\\dashboard-my-listings.php', 1)
 2 APPPATH\Views\theme\dashboard-my-listings.php(1): include()
 3 SYSTEMPATH\View\View.php(224): include('D:\\xampp-new\\htdocs\\ci5\\app\\Views\\theme\\dashboard-my-listings.php')
 4 SYSTEMPATH\View\View.php(227): CodeIgniter\View\View->CodeIgniter\View\{closure}()
 5 SYSTEMPATH\Common.php(1173): CodeIgniter\View\View->render('theme/dashboard-my-listings', [], true)
 6 APPPATH\Controllers\Theme\Home.php(129): view('theme/dashboard-my-listings', [...])
 7 SYSTEMPATH\CodeIgniter.php(933): App\Controllers\Theme\Home->my_listings()
 8 SYSTEMPATH\CodeIgniter.php(507): CodeIgniter\CodeIgniter->runController(Object(App\Controllers\Theme\Home))
 9 SYSTEMPATH\CodeIgniter.php(354): CodeIgniter\CodeIgniter->handleRequest(null, Object(Config\Cache), false)
10 SYSTEMPATH\Boot.php(334): CodeIgniter\CodeIgniter->run()
11 SYSTEMPATH\Boot.php(67): CodeIgniter\Boot::runCodeIgniter(Object(CodeIgniter\CodeIgniter))
12 FCPATH\index.php(56): CodeIgniter\Boot::bootWeb(Object(Config\Paths))
CRITICAL - 2025-03-10 04:51:51 --> ErrorException: include(header2.php): Failed to open stream: No such file or directory
[Method: GET, Route: my-listing]
in APPPATH\Views\theme\dashboard-my-listings.php on line 1.
 1 APPPATH\Views\theme\dashboard-my-listings.php(1): CodeIgniter\Debug\Exceptions->errorHandler(2, 'include(header2.php): Failed to open stream: No such file or directory', 'D:\\xampp-new\\htdocs\\ci5\\app\\Views\\theme\\dashboard-my-listings.php', 1)
 2 APPPATH\Views\theme\dashboard-my-listings.php(1): include()
 3 SYSTEMPATH\View\View.php(224): include('D:\\xampp-new\\htdocs\\ci5\\app\\Views\\theme\\dashboard-my-listings.php')
 4 SYSTEMPATH\View\View.php(227): CodeIgniter\View\View->CodeIgniter\View\{closure}()
 5 SYSTEMPATH\Common.php(1173): CodeIgniter\View\View->render('theme/dashboard-my-listings', [], true)
 6 APPPATH\Controllers\Theme\Home.php(129): view('theme/dashboard-my-listings', [...])
 7 SYSTEMPATH\CodeIgniter.php(933): App\Controllers\Theme\Home->my_listings()
 8 SYSTEMPATH\CodeIgniter.php(507): CodeIgniter\CodeIgniter->runController(Object(App\Controllers\Theme\Home))
 9 SYSTEMPATH\CodeIgniter.php(354): CodeIgniter\CodeIgniter->handleRequest(null, Object(Config\Cache), false)
10 SYSTEMPATH\Boot.php(334): CodeIgniter\CodeIgniter->run()
11 SYSTEMPATH\Boot.php(67): CodeIgniter\Boot::runCodeIgniter(Object(CodeIgniter\CodeIgniter))
12 FCPATH\index.php(56): CodeIgniter\Boot::bootWeb(Object(Config\Paths))
CRITICAL - 2025-03-10 04:51:53 --> ErrorException: include(header2.php): Failed to open stream: No such file or directory
[Method: GET, Route: my-listing]
in APPPATH\Views\theme\dashboard-my-listings.php on line 1.
 1 APPPATH\Views\theme\dashboard-my-listings.php(1): CodeIgniter\Debug\Exceptions->errorHandler(2, 'include(header2.php): Failed to open stream: No such file or directory', 'D:\\xampp-new\\htdocs\\ci5\\app\\Views\\theme\\dashboard-my-listings.php', 1)
 2 APPPATH\Views\theme\dashboard-my-listings.php(1): include()
 3 SYSTEMPATH\View\View.php(224): include('D:\\xampp-new\\htdocs\\ci5\\app\\Views\\theme\\dashboard-my-listings.php')
 4 SYSTEMPATH\View\View.php(227): CodeIgniter\View\View->CodeIgniter\View\{closure}()
 5 SYSTEMPATH\Common.php(1173): CodeIgniter\View\View->render('theme/dashboard-my-listings', [], true)
 6 APPPATH\Controllers\Theme\Home.php(129): view('theme/dashboard-my-listings', [...])
 7 SYSTEMPATH\CodeIgniter.php(933): App\Controllers\Theme\Home->my_listings()
 8 SYSTEMPATH\CodeIgniter.php(507): CodeIgniter\CodeIgniter->runController(Object(App\Controllers\Theme\Home))
 9 SYSTEMPATH\CodeIgniter.php(354): CodeIgniter\CodeIgniter->handleRequest(null, Object(Config\Cache), false)
10 SYSTEMPATH\Boot.php(334): CodeIgniter\CodeIgniter->run()
11 SYSTEMPATH\Boot.php(67): CodeIgniter\Boot::runCodeIgniter(Object(CodeIgniter\CodeIgniter))
12 FCPATH\index.php(56): CodeIgniter\Boot::bootWeb(Object(Config\Paths))
CRITICAL - 2025-03-10 04:52:00 --> CodeIgniter\View\Exceptions\ViewException: Invalid file: "theme/dashboard-add-listing.php"
[Method: GET, Route: add-listings]
in SYSTEMPATH\Exceptions\FrameworkException.php on line 39.
 1 SYSTEMPATH\View\View.php(212): CodeIgniter\Exceptions\FrameworkException::forInvalidFile('theme/dashboard-add-listing.php')
 2 SYSTEMPATH\Common.php(1173): CodeIgniter\View\View->render('theme/dashboard-add-listing', [], true)
 3 APPPATH\Controllers\Theme\Home.php(69): view('theme/dashboard-add-listing', [...])
 4 SYSTEMPATH\CodeIgniter.php(933): App\Controllers\Theme\Home->add_listing()
 5 SYSTEMPATH\CodeIgniter.php(507): CodeIgniter\CodeIgniter->runController(Object(App\Controllers\Theme\Home))
 6 SYSTEMPATH\CodeIgniter.php(354): CodeIgniter\CodeIgniter->handleRequest(null, Object(Config\Cache), false)
 7 SYSTEMPATH\Boot.php(334): CodeIgniter\CodeIgniter->run()
 8 SYSTEMPATH\Boot.php(67): CodeIgniter\Boot::runCodeIgniter(Object(CodeIgniter\CodeIgniter))
 9 FCPATH\index.php(56): CodeIgniter\Boot::bootWeb(Object(Config\Paths))
CRITICAL - 2025-03-10 04:53:29 --> CodeIgniter\View\Exceptions\ViewException: Invalid file: "theme/dashboard-add-listing.php"
[Method: GET, Route: add-listing]
in SYSTEMPATH\Exceptions\FrameworkException.php on line 39.
 1 SYSTEMPATH\View\View.php(212): CodeIgniter\Exceptions\FrameworkException::forInvalidFile('theme/dashboard-add-listing.php')
 2 SYSTEMPATH\Common.php(1173): CodeIgniter\View\View->render('theme/dashboard-add-listing', [], true)
 3 APPPATH\Controllers\Theme\Home.php(69): view('theme/dashboard-add-listing', [...])
 4 SYSTEMPATH\CodeIgniter.php(933): App\Controllers\Theme\Home->add_listing()
 5 SYSTEMPATH\CodeIgniter.php(507): CodeIgniter\CodeIgniter->runController(Object(App\Controllers\Theme\Home))
 6 SYSTEMPATH\CodeIgniter.php(354): CodeIgniter\CodeIgniter->handleRequest(null, Object(Config\Cache), false)
 7 SYSTEMPATH\Boot.php(334): CodeIgniter\CodeIgniter->run()
 8 SYSTEMPATH\Boot.php(67): CodeIgniter\Boot::runCodeIgniter(Object(CodeIgniter\CodeIgniter))
 9 FCPATH\index.php(56): CodeIgniter\Boot::bootWeb(Object(Config\Paths))
CRITICAL - 2025-03-10 04:54:15 --> CodeIgniter\View\Exceptions\ViewException: Invalid file: "theme/dashboard-add-listing.php"
[Method: GET, Route: add-listing]
in SYSTEMPATH\Exceptions\FrameworkException.php on line 39.
 1 SYSTEMPATH\View\View.php(212): CodeIgniter\Exceptions\FrameworkException::forInvalidFile('theme/dashboard-add-listing.php')
 2 SYSTEMPATH\Common.php(1173): CodeIgniter\View\View->render('theme/dashboard-add-listing', [], true)
 3 APPPATH\Controllers\Theme\Home.php(69): view('theme/dashboard-add-listing', [...])
 4 SYSTEMPATH\CodeIgniter.php(933): App\Controllers\Theme\Home->add_listing()
 5 SYSTEMPATH\CodeIgniter.php(507): CodeIgniter\CodeIgniter->runController(Object(App\Controllers\Theme\Home))
 6 SYSTEMPATH\CodeIgniter.php(354): CodeIgniter\CodeIgniter->handleRequest(null, Object(Config\Cache), false)
 7 SYSTEMPATH\Boot.php(334): CodeIgniter\CodeIgniter->run()
 8 SYSTEMPATH\Boot.php(67): CodeIgniter\Boot::runCodeIgniter(Object(CodeIgniter\CodeIgniter))
 9 FCPATH\index.php(56): CodeIgniter\Boot::bootWeb(Object(Config\Paths))
CRITICAL - 2025-03-10 04:54:16 --> CodeIgniter\View\Exceptions\ViewException: Invalid file: "theme/dashboard-add-listing.php"
[Method: GET, Route: add-listing]
in SYSTEMPATH\Exceptions\FrameworkException.php on line 39.
 1 SYSTEMPATH\View\View.php(212): CodeIgniter\Exceptions\FrameworkException::forInvalidFile('theme/dashboard-add-listing.php')
 2 SYSTEMPATH\Common.php(1173): CodeIgniter\View\View->render('theme/dashboard-add-listing', [], true)
 3 APPPATH\Controllers\Theme\Home.php(69): view('theme/dashboard-add-listing', [...])
 4 SYSTEMPATH\CodeIgniter.php(933): App\Controllers\Theme\Home->add_listing()
 5 SYSTEMPATH\CodeIgniter.php(507): CodeIgniter\CodeIgniter->runController(Object(App\Controllers\Theme\Home))
 6 SYSTEMPATH\CodeIgniter.php(354): CodeIgniter\CodeIgniter->handleRequest(null, Object(Config\Cache), false)
 7 SYSTEMPATH\Boot.php(334): CodeIgniter\CodeIgniter->run()
 8 SYSTEMPATH\Boot.php(67): CodeIgniter\Boot::runCodeIgniter(Object(CodeIgniter\CodeIgniter))
 9 FCPATH\index.php(56): CodeIgniter\Boot::bootWeb(Object(Config\Paths))
CRITICAL - 2025-03-10 04:54:16 --> CodeIgniter\View\Exceptions\ViewException: Invalid file: "theme/dashboard-add-listing.php"
[Method: GET, Route: add-listing]
in SYSTEMPATH\Exceptions\FrameworkException.php on line 39.
 1 SYSTEMPATH\View\View.php(212): CodeIgniter\Exceptions\FrameworkException::forInvalidFile('theme/dashboard-add-listing.php')
 2 SYSTEMPATH\Common.php(1173): CodeIgniter\View\View->render('theme/dashboard-add-listing', [], true)
 3 APPPATH\Controllers\Theme\Home.php(69): view('theme/dashboard-add-listing', [...])
 4 SYSTEMPATH\CodeIgniter.php(933): App\Controllers\Theme\Home->add_listing()
 5 SYSTEMPATH\CodeIgniter.php(507): CodeIgniter\CodeIgniter->runController(Object(App\Controllers\Theme\Home))
 6 SYSTEMPATH\CodeIgniter.php(354): CodeIgniter\CodeIgniter->handleRequest(null, Object(Config\Cache), false)
 7 SYSTEMPATH\Boot.php(334): CodeIgniter\CodeIgniter->run()
 8 SYSTEMPATH\Boot.php(67): CodeIgniter\Boot::runCodeIgniter(Object(CodeIgniter\CodeIgniter))
 9 FCPATH\index.php(56): CodeIgniter\Boot::bootWeb(Object(Config\Paths))
CRITICAL - 2025-03-10 04:54:22 --> CodeIgniter\View\Exceptions\ViewException: Invalid file: "theme/dashboard-add-listing.php"
[Method: GET, Route: add-listing]
in SYSTEMPATH\Exceptions\FrameworkException.php on line 39.
 1 SYSTEMPATH\View\View.php(212): CodeIgniter\Exceptions\FrameworkException::forInvalidFile('theme/dashboard-add-listing.php')
 2 SYSTEMPATH\Common.php(1173): CodeIgniter\View\View->render('theme/dashboard-add-listing', [], true)
 3 APPPATH\Controllers\Theme\Home.php(69): view('theme/dashboard-add-listing', [...])
 4 SYSTEMPATH\CodeIgniter.php(933): App\Controllers\Theme\Home->add_listing()
 5 SYSTEMPATH\CodeIgniter.php(507): CodeIgniter\CodeIgniter->runController(Object(App\Controllers\Theme\Home))
 6 SYSTEMPATH\CodeIgniter.php(354): CodeIgniter\CodeIgniter->handleRequest(null, Object(Config\Cache), false)
 7 SYSTEMPATH\Boot.php(334): CodeIgniter\CodeIgniter->run()
 8 SYSTEMPATH\Boot.php(67): CodeIgniter\Boot::runCodeIgniter(Object(CodeIgniter\CodeIgniter))
 9 FCPATH\index.php(56): CodeIgniter\Boot::bootWeb(Object(Config\Paths))
CRITICAL - 2025-03-10 04:55:56 --> CodeIgniter\View\Exceptions\ViewException: Invalid file: "theme/dashboard-add-listing.php"
[Method: GET, Route: add-listing]
in SYSTEMPATH\Exceptions\FrameworkException.php on line 39.
 1 SYSTEMPATH\View\View.php(212): CodeIgniter\Exceptions\FrameworkException::forInvalidFile('theme/dashboard-add-listing.php')
 2 SYSTEMPATH\Common.php(1173): CodeIgniter\View\View->render('theme/dashboard-add-listing', [], true)
 3 APPPATH\Controllers\Theme\Home.php(69): view('theme/dashboard-add-listing', [...])
 4 SYSTEMPATH\CodeIgniter.php(933): App\Controllers\Theme\Home->add_listing()
 5 SYSTEMPATH\CodeIgniter.php(507): CodeIgniter\CodeIgniter->runController(Object(App\Controllers\Theme\Home))
 6 SYSTEMPATH\CodeIgniter.php(354): CodeIgniter\CodeIgniter->handleRequest(null, Object(Config\Cache), false)
 7 SYSTEMPATH\Boot.php(334): CodeIgniter\CodeIgniter->run()
 8 SYSTEMPATH\Boot.php(67): CodeIgniter\Boot::runCodeIgniter(Object(CodeIgniter\CodeIgniter))
 9 FCPATH\index.php(56): CodeIgniter\Boot::bootWeb(Object(Config\Paths))
CRITICAL - 2025-03-10 04:56:02 --> CodeIgniter\View\Exceptions\ViewException: Invalid file: "theme/dashboard-add-listing.php"
[Method: GET, Route: add-listing]
in SYSTEMPATH\Exceptions\FrameworkException.php on line 39.
 1 SYSTEMPATH\View\View.php(212): CodeIgniter\Exceptions\FrameworkException::forInvalidFile('theme/dashboard-add-listing.php')
 2 SYSTEMPATH\Common.php(1173): CodeIgniter\View\View->render('theme/dashboard-add-listing', [], true)
 3 APPPATH\Controllers\Theme\Home.php(69): view('theme/dashboard-add-listing', [...])
 4 SYSTEMPATH\CodeIgniter.php(933): App\Controllers\Theme\Home->add_listing()
 5 SYSTEMPATH\CodeIgniter.php(507): CodeIgniter\CodeIgniter->runController(Object(App\Controllers\Theme\Home))
 6 SYSTEMPATH\CodeIgniter.php(354): CodeIgniter\CodeIgniter->handleRequest(null, Object(Config\Cache), false)
 7 SYSTEMPATH\Boot.php(334): CodeIgniter\CodeIgniter->run()
 8 SYSTEMPATH\Boot.php(67): CodeIgniter\Boot::runCodeIgniter(Object(CodeIgniter\CodeIgniter))
 9 FCPATH\index.php(56): CodeIgniter\Boot::bootWeb(Object(Config\Paths))
CRITICAL - 2025-03-10 04:57:39 --> CodeIgniter\View\Exceptions\ViewException: Invalid file: "theme/dashboard-add-listing.php"
[Method: GET, Route: add-listing]
in SYSTEMPATH\Exceptions\FrameworkException.php on line 39.
 1 SYSTEMPATH\View\View.php(212): CodeIgniter\Exceptions\FrameworkException::forInvalidFile('theme/dashboard-add-listing.php')
 2 SYSTEMPATH\Common.php(1173): CodeIgniter\View\View->render('theme/dashboard-add-listing', [], true)
 3 APPPATH\Controllers\Theme\Home.php(69): view('theme/dashboard-add-listing', [...])
 4 SYSTEMPATH\CodeIgniter.php(933): App\Controllers\Theme\Home->add_listing()
 5 SYSTEMPATH\CodeIgniter.php(507): CodeIgniter\CodeIgniter->runController(Object(App\Controllers\Theme\Home))
 6 SYSTEMPATH\CodeIgniter.php(354): CodeIgniter\CodeIgniter->handleRequest(null, Object(Config\Cache), false)
 7 SYSTEMPATH\Boot.php(334): CodeIgniter\CodeIgniter->run()
 8 SYSTEMPATH\Boot.php(67): CodeIgniter\Boot::runCodeIgniter(Object(CodeIgniter\CodeIgniter))
 9 FCPATH\index.php(56): CodeIgniter\Boot::bootWeb(Object(Config\Paths))
CRITICAL - 2025-03-10 04:58:51 --> ErrorException: include(header2.php): Failed to open stream: No such file or directory
[Method: GET, Route: add-listing]
in APPPATH\Views\theme\dashboard-add-listings.php on line 1.
 1 APPPATH\Views\theme\dashboard-add-listings.php(1): CodeIgniter\Debug\Exceptions->errorHandler(2, 'include(header2.php): Failed to open stream: No such file or directory', 'D:\\xampp-new\\htdocs\\ci5\\app\\Views\\theme\\dashboard-add-listings.php', 1)
 2 APPPATH\Views\theme\dashboard-add-listings.php(1): include()
 3 SYSTEMPATH\View\View.php(224): include('D:\\xampp-new\\htdocs\\ci5\\app\\Views\\theme\\dashboard-add-listings.php')
 4 SYSTEMPATH\View\View.php(227): CodeIgniter\View\View->CodeIgniter\View\{closure}()
 5 SYSTEMPATH\Common.php(1173): CodeIgniter\View\View->render('theme/dashboard-add-listings', [], true)
 6 APPPATH\Controllers\Theme\Home.php(69): view('theme/dashboard-add-listings', [...])
 7 SYSTEMPATH\CodeIgniter.php(933): App\Controllers\Theme\Home->add_listing()
 8 SYSTEMPATH\CodeIgniter.php(507): CodeIgniter\CodeIgniter->runController(Object(App\Controllers\Theme\Home))
 9 SYSTEMPATH\CodeIgniter.php(354): CodeIgniter\CodeIgniter->handleRequest(null, Object(Config\Cache), false)
10 SYSTEMPATH\Boot.php(334): CodeIgniter\CodeIgniter->run()
11 SYSTEMPATH\Boot.php(67): CodeIgniter\Boot::runCodeIgniter(Object(CodeIgniter\CodeIgniter))
12 FCPATH\index.php(56): CodeIgniter\Boot::bootWeb(Object(Config\Paths))
CRITICAL - 2025-03-10 04:58:51 --> ErrorException: include(header2.php): Failed to open stream: No such file or directory
[Method: GET, Route: add-listing]
in APPPATH\Views\theme\dashboard-add-listings.php on line 1.
 1 APPPATH\Views\theme\dashboard-add-listings.php(1): CodeIgniter\Debug\Exceptions->errorHandler(2, 'include(header2.php): Failed to open stream: No such file or directory', 'D:\\xampp-new\\htdocs\\ci5\\app\\Views\\theme\\dashboard-add-listings.php', 1)
 2 APPPATH\Views\theme\dashboard-add-listings.php(1): include()
 3 SYSTEMPATH\View\View.php(224): include('D:\\xampp-new\\htdocs\\ci5\\app\\Views\\theme\\dashboard-add-listings.php')
 4 SYSTEMPATH\View\View.php(227): CodeIgniter\View\View->CodeIgniter\View\{closure}()
 5 SYSTEMPATH\Common.php(1173): CodeIgniter\View\View->render('theme/dashboard-add-listings', [], true)
 6 APPPATH\Controllers\Theme\Home.php(69): view('theme/dashboard-add-listings', [...])
 7 SYSTEMPATH\CodeIgniter.php(933): App\Controllers\Theme\Home->add_listing()
 8 SYSTEMPATH\CodeIgniter.php(507): CodeIgniter\CodeIgniter->runController(Object(App\Controllers\Theme\Home))
 9 SYSTEMPATH\CodeIgniter.php(354): CodeIgniter\CodeIgniter->handleRequest(null, Object(Config\Cache), false)
10 SYSTEMPATH\Boot.php(334): CodeIgniter\CodeIgniter->run()
11 SYSTEMPATH\Boot.php(67): CodeIgniter\Boot::runCodeIgniter(Object(CodeIgniter\CodeIgniter))
12 FCPATH\index.php(56): CodeIgniter\Boot::bootWeb(Object(Config\Paths))
CRITICAL - 2025-03-10 04:58:56 --> ErrorException: include(header2.php): Failed to open stream: No such file or directory
[Method: GET, Route: add-listing]
in APPPATH\Views\theme\dashboard-add-listings.php on line 1.
 1 APPPATH\Views\theme\dashboard-add-listings.php(1): CodeIgniter\Debug\Exceptions->errorHandler(2, 'include(header2.php): Failed to open stream: No such file or directory', 'D:\\xampp-new\\htdocs\\ci5\\app\\Views\\theme\\dashboard-add-listings.php', 1)
 2 APPPATH\Views\theme\dashboard-add-listings.php(1): include()
 3 SYSTEMPATH\View\View.php(224): include('D:\\xampp-new\\htdocs\\ci5\\app\\Views\\theme\\dashboard-add-listings.php')
 4 SYSTEMPATH\View\View.php(227): CodeIgniter\View\View->CodeIgniter\View\{closure}()
 5 SYSTEMPATH\Common.php(1173): CodeIgniter\View\View->render('theme/dashboard-add-listings', [], true)
 6 APPPATH\Controllers\Theme\Home.php(69): view('theme/dashboard-add-listings', [...])
 7 SYSTEMPATH\CodeIgniter.php(933): App\Controllers\Theme\Home->add_listing()
 8 SYSTEMPATH\CodeIgniter.php(507): CodeIgniter\CodeIgniter->runController(Object(App\Controllers\Theme\Home))
 9 SYSTEMPATH\CodeIgniter.php(354): CodeIgniter\CodeIgniter->handleRequest(null, Object(Config\Cache), false)
10 SYSTEMPATH\Boot.php(334): CodeIgniter\CodeIgniter->run()
11 SYSTEMPATH\Boot.php(67): CodeIgniter\Boot::runCodeIgniter(Object(CodeIgniter\CodeIgniter))
12 FCPATH\index.php(56): CodeIgniter\Boot::bootWeb(Object(Config\Paths))
CRITICAL - 2025-03-10 04:59:27 --> ErrorException: include(header2.php): Failed to open stream: No such file or directory
[Method: GET, Route: add-listing]
in APPPATH\Views\theme\dashboard-add-listings.php on line 1.
 1 APPPATH\Views\theme\dashboard-add-listings.php(1): CodeIgniter\Debug\Exceptions->errorHandler(2, 'include(header2.php): Failed to open stream: No such file or directory', 'D:\\xampp-new\\htdocs\\ci5\\app\\Views\\theme\\dashboard-add-listings.php', 1)
 2 APPPATH\Views\theme\dashboard-add-listings.php(1): include()
 3 SYSTEMPATH\View\View.php(224): include('D:\\xampp-new\\htdocs\\ci5\\app\\Views\\theme\\dashboard-add-listings.php')
 4 SYSTEMPATH\View\View.php(227): CodeIgniter\View\View->CodeIgniter\View\{closure}()
 5 SYSTEMPATH\Common.php(1173): CodeIgniter\View\View->render('theme/dashboard-add-listings', [], true)
 6 APPPATH\Controllers\Theme\Home.php(69): view('theme/dashboard-add-listings', [...])
 7 SYSTEMPATH\CodeIgniter.php(933): App\Controllers\Theme\Home->add_listing()
 8 SYSTEMPATH\CodeIgniter.php(507): CodeIgniter\CodeIgniter->runController(Object(App\Controllers\Theme\Home))
 9 SYSTEMPATH\CodeIgniter.php(354): CodeIgniter\CodeIgniter->handleRequest(null, Object(Config\Cache), false)
10 SYSTEMPATH\Boot.php(334): CodeIgniter\CodeIgniter->run()
11 SYSTEMPATH\Boot.php(67): CodeIgniter\Boot::runCodeIgniter(Object(CodeIgniter\CodeIgniter))
12 FCPATH\index.php(56): CodeIgniter\Boot::bootWeb(Object(Config\Paths))
CRITICAL - 2025-03-10 05:01:08 --> CodeIgniter\View\Exceptions\ViewException: Invalid file: "theme/dashboard-add-listing.php"
[Method: GET, Route: add-listing]
in SYSTEMPATH\Exceptions\FrameworkException.php on line 39.
 1 SYSTEMPATH\View\View.php(212): CodeIgniter\Exceptions\FrameworkException::forInvalidFile('theme/dashboard-add-listing.php')
 2 SYSTEMPATH\Common.php(1173): CodeIgniter\View\View->render('theme/dashboard-add-listing', [], true)
 3 APPPATH\Controllers\Theme\Home.php(69): view('theme/dashboard-add-listing', [...])
 4 SYSTEMPATH\CodeIgniter.php(933): App\Controllers\Theme\Home->add_listing()
 5 SYSTEMPATH\CodeIgniter.php(507): CodeIgniter\CodeIgniter->runController(Object(App\Controllers\Theme\Home))
 6 SYSTEMPATH\CodeIgniter.php(354): CodeIgniter\CodeIgniter->handleRequest(null, Object(Config\Cache), false)
 7 SYSTEMPATH\Boot.php(334): CodeIgniter\CodeIgniter->run()
 8 SYSTEMPATH\Boot.php(67): CodeIgniter\Boot::runCodeIgniter(Object(CodeIgniter\CodeIgniter))
 9 FCPATH\index.php(56): CodeIgniter\Boot::bootWeb(Object(Config\Paths))
CRITICAL - 2025-03-10 05:02:15 --> CodeIgniter\View\Exceptions\ViewException: Invalid file: "theme/dashboard-add-listing.php"
[Method: GET, Route: add-listing]
in SYSTEMPATH\Exceptions\FrameworkException.php on line 39.
 1 SYSTEMPATH\View\View.php(212): CodeIgniter\Exceptions\FrameworkException::forInvalidFile('theme/dashboard-add-listing.php')
 2 SYSTEMPATH\Common.php(1173): CodeIgniter\View\View->render('theme/dashboard-add-listing', [], true)
 3 APPPATH\Controllers\Theme\Home.php(69): view('theme/dashboard-add-listing', [...])
 4 SYSTEMPATH\CodeIgniter.php(933): App\Controllers\Theme\Home->add_listing()
 5 SYSTEMPATH\CodeIgniter.php(507): CodeIgniter\CodeIgniter->runController(Object(App\Controllers\Theme\Home))
 6 SYSTEMPATH\CodeIgniter.php(354): CodeIgniter\CodeIgniter->handleRequest(null, Object(Config\Cache), false)
 7 SYSTEMPATH\Boot.php(334): CodeIgniter\CodeIgniter->run()
 8 SYSTEMPATH\Boot.php(67): CodeIgniter\Boot::runCodeIgniter(Object(CodeIgniter\CodeIgniter))
 9 FCPATH\index.php(56): CodeIgniter\Boot::bootWeb(Object(Config\Paths))
CRITICAL - 2025-03-10 05:04:22 --> CodeIgniter\View\Exceptions\ViewException: Invalid file: "theme/dashboard-add-listing.php"
[Method: GET, Route: add-listing]
in SYSTEMPATH\Exceptions\FrameworkException.php on line 39.
 1 SYSTEMPATH\View\View.php(212): CodeIgniter\Exceptions\FrameworkException::forInvalidFile('theme/dashboard-add-listing.php')
 2 SYSTEMPATH\Common.php(1173): CodeIgniter\View\View->render('theme/dashboard-add-listing', [], true)
 3 APPPATH\Controllers\Theme\Home.php(69): view('theme/dashboard-add-listing', [...])
 4 SYSTEMPATH\CodeIgniter.php(933): App\Controllers\Theme\Home->add_listing()
 5 SYSTEMPATH\CodeIgniter.php(507): CodeIgniter\CodeIgniter->runController(Object(App\Controllers\Theme\Home))
 6 SYSTEMPATH\CodeIgniter.php(354): CodeIgniter\CodeIgniter->handleRequest(null, Object(Config\Cache), false)
 7 SYSTEMPATH\Boot.php(334): CodeIgniter\CodeIgniter->run()
 8 SYSTEMPATH\Boot.php(67): CodeIgniter\Boot::runCodeIgniter(Object(CodeIgniter\CodeIgniter))
 9 FCPATH\index.php(56): CodeIgniter\Boot::bootWeb(Object(Config\Paths))
CRITICAL - 2025-03-10 05:04:27 --> CodeIgniter\View\Exceptions\ViewException: Invalid file: "theme/dashboard-add-listing.php"
[Method: GET, Route: add-listing]
in SYSTEMPATH\Exceptions\FrameworkException.php on line 39.
 1 SYSTEMPATH\View\View.php(212): CodeIgniter\Exceptions\FrameworkException::forInvalidFile('theme/dashboard-add-listing.php')
 2 SYSTEMPATH\Common.php(1173): CodeIgniter\View\View->render('theme/dashboard-add-listing', [], true)
 3 APPPATH\Controllers\Theme\Home.php(69): view('theme/dashboard-add-listing', [...])
 4 SYSTEMPATH\CodeIgniter.php(933): App\Controllers\Theme\Home->add_listing()
 5 SYSTEMPATH\CodeIgniter.php(507): CodeIgniter\CodeIgniter->runController(Object(App\Controllers\Theme\Home))
 6 SYSTEMPATH\CodeIgniter.php(354): CodeIgniter\CodeIgniter->handleRequest(null, Object(Config\Cache), false)
 7 SYSTEMPATH\Boot.php(334): CodeIgniter\CodeIgniter->run()
 8 SYSTEMPATH\Boot.php(67): CodeIgniter\Boot::runCodeIgniter(Object(CodeIgniter\CodeIgniter))
 9 FCPATH\index.php(56): CodeIgniter\Boot::bootWeb(Object(Config\Paths))
CRITICAL - 2025-03-10 05:05:16 --> CodeIgniter\View\Exceptions\ViewException: Invalid file: "theme/dashboard-add-listing.php"
[Method: GET, Route: add-listing]
in SYSTEMPATH\Exceptions\FrameworkException.php on line 39.
 1 SYSTEMPATH\View\View.php(212): CodeIgniter\Exceptions\FrameworkException::forInvalidFile('theme/dashboard-add-listing.php')
 2 SYSTEMPATH\Common.php(1173): CodeIgniter\View\View->render('theme/dashboard-add-listing', [], true)
 3 APPPATH\Controllers\Theme\Home.php(69): view('theme/dashboard-add-listing', [...])
 4 SYSTEMPATH\CodeIgniter.php(933): App\Controllers\Theme\Home->add_listing()
 5 SYSTEMPATH\CodeIgniter.php(507): CodeIgniter\CodeIgniter->runController(Object(App\Controllers\Theme\Home))
 6 SYSTEMPATH\CodeIgniter.php(354): CodeIgniter\CodeIgniter->handleRequest(null, Object(Config\Cache), false)
 7 SYSTEMPATH\Boot.php(334): CodeIgniter\CodeIgniter->run()
 8 SYSTEMPATH\Boot.php(67): CodeIgniter\Boot::runCodeIgniter(Object(CodeIgniter\CodeIgniter))
 9 FCPATH\index.php(56): CodeIgniter\Boot::bootWeb(Object(Config\Paths))
CRITICAL - 2025-03-10 05:05:17 --> CodeIgniter\View\Exceptions\ViewException: Invalid file: "theme/dashboard-add-listing.php"
[Method: GET, Route: add-listing]
in SYSTEMPATH\Exceptions\FrameworkException.php on line 39.
 1 SYSTEMPATH\View\View.php(212): CodeIgniter\Exceptions\FrameworkException::forInvalidFile('theme/dashboard-add-listing.php')
 2 SYSTEMPATH\Common.php(1173): CodeIgniter\View\View->render('theme/dashboard-add-listing', [], true)
 3 APPPATH\Controllers\Theme\Home.php(69): view('theme/dashboard-add-listing', [...])
 4 SYSTEMPATH\CodeIgniter.php(933): App\Controllers\Theme\Home->add_listing()
 5 SYSTEMPATH\CodeIgniter.php(507): CodeIgniter\CodeIgniter->runController(Object(App\Controllers\Theme\Home))
 6 SYSTEMPATH\CodeIgniter.php(354): CodeIgniter\CodeIgniter->handleRequest(null, Object(Config\Cache), false)
 7 SYSTEMPATH\Boot.php(334): CodeIgniter\CodeIgniter->run()
 8 SYSTEMPATH\Boot.php(67): CodeIgniter\Boot::runCodeIgniter(Object(CodeIgniter\CodeIgniter))
 9 FCPATH\index.php(56): CodeIgniter\Boot::bootWeb(Object(Config\Paths))
CRITICAL - 2025-03-10 05:05:22 --> CodeIgniter\View\Exceptions\ViewException: Invalid file: "theme/dashboard-add-listing.php"
[Method: GET, Route: add-listing]
in SYSTEMPATH\Exceptions\FrameworkException.php on line 39.
 1 SYSTEMPATH\View\View.php(212): CodeIgniter\Exceptions\FrameworkException::forInvalidFile('theme/dashboard-add-listing.php')
 2 SYSTEMPATH\Common.php(1173): CodeIgniter\View\View->render('theme/dashboard-add-listing', [], true)
 3 APPPATH\Controllers\Theme\Home.php(69): view('theme/dashboard-add-listing', [...])
 4 SYSTEMPATH\CodeIgniter.php(933): App\Controllers\Theme\Home->add_listing()
 5 SYSTEMPATH\CodeIgniter.php(507): CodeIgniter\CodeIgniter->runController(Object(App\Controllers\Theme\Home))
 6 SYSTEMPATH\CodeIgniter.php(354): CodeIgniter\CodeIgniter->handleRequest(null, Object(Config\Cache), false)
 7 SYSTEMPATH\Boot.php(334): CodeIgniter\CodeIgniter->run()
 8 SYSTEMPATH\Boot.php(67): CodeIgniter\Boot::runCodeIgniter(Object(CodeIgniter\CodeIgniter))
 9 FCPATH\index.php(56): CodeIgniter\Boot::bootWeb(Object(Config\Paths))
CRITICAL - 2025-03-10 05:17:42 --> ErrorException: include(header2.php): Failed to open stream: No such file or directory
[Method: GET, Route: my-listings]
in APPPATH\Views\theme\dashboard-my-listings.php on line 1.
 1 APPPATH\Views\theme\dashboard-my-listings.php(1): CodeIgniter\Debug\Exceptions->errorHandler(2, 'include(header2.php): Failed to open stream: No such file or directory', 'D:\\xampp-new\\htdocs\\ci5\\app\\Views\\theme\\dashboard-my-listings.php', 1)
 2 APPPATH\Views\theme\dashboard-my-listings.php(1): include()
 3 SYSTEMPATH\View\View.php(224): include('D:\\xampp-new\\htdocs\\ci5\\app\\Views\\theme\\dashboard-my-listings.php')
 4 SYSTEMPATH\View\View.php(227): CodeIgniter\View\View->CodeIgniter\View\{closure}()
 5 SYSTEMPATH\Common.php(1173): CodeIgniter\View\View->render('theme/dashboard-my-listings', [], true)
 6 APPPATH\Controllers\Theme\Home.php(129): view('theme/dashboard-my-listings', [...])
 7 SYSTEMPATH\CodeIgniter.php(933): App\Controllers\Theme\Home->my_listings()
 8 SYSTEMPATH\CodeIgniter.php(507): CodeIgniter\CodeIgniter->runController(Object(App\Controllers\Theme\Home))
 9 SYSTEMPATH\CodeIgniter.php(354): CodeIgniter\CodeIgniter->handleRequest(null, Object(Config\Cache), false)
10 SYSTEMPATH\Boot.php(334): CodeIgniter\CodeIgniter->run()
11 SYSTEMPATH\Boot.php(67): CodeIgniter\Boot::runCodeIgniter(Object(CodeIgniter\CodeIgniter))
12 FCPATH\index.php(56): CodeIgniter\Boot::bootWeb(Object(Config\Paths))
